<?xml version="1.0" encoding="UTF-8"?>
<!-- Generated by org.testng.reporters.JUnitReportReporter -->
<testsuite hostname="DESKTOP-HJ68RE7" failures="0" tests="2" name="testng_programs.AnnotationsDemo3" time="0.025" errors="0" timestamp="2025-04-07T17:11:56 IST" skipped="0">
  <testcase classname="testng_programs.AnnotationsDemo3" name="tm1" time="0.017"/>
  <testcase classname="testng_programs.AnnotationsDemo3" name="tm2" time="0.008"/>
</testsuite> <!-- testng_programs.AnnotationsDemo3 -->
