<?xml version="1.0" encoding="UTF-8"?>
<!-- Generated by org.testng.reporters.JUnitReportReporter -->
<testsuite hostname="DESKTOP-HJ68RE7" failures="0" tests="3" name="testng_programs.FirstTestNgProgram" time="0.011" errors="0" timestamp="2025-04-07T14:05:50 IST" skipped="0">
  <testcase classname="testng_programs.FirstTestNgProgram" name="login" time="0.003"/>
  <testcase classname="testng_programs.FirstTestNgProgram" name="openApp" time="0.004"/>
  <testcase classname="testng_programs.FirstTestNgProgram" name="logout" time="0.004"/>
</testsuite> <!-- testng_programs.FirstTestNgProgram -->
