<?xml version="1.0" encoding="UTF-8"?>
<!-- Generated by org.testng.reporters.JUnitReportReporter -->
<testsuite hostname="DESKTOP-HJ68RE7" failures="0" tests="3" name="testng_programs.LoginTests" time="0.019" errors="0" timestamp="2025-04-07T18:28:42 IST" skipped="0">
  <testcase classname="testng_programs.LoginTests" name="loginByEmail" time="0.015"/>
  <testcase classname="testng_programs.LoginTests" name="loginByOTP" time="0.002"/>
  <testcase classname="testng_programs.LoginTests" name="loginByFacebook" time="0.002"/>
</testsuite> <!-- testng_programs.LoginTests -->
