<?xml version="1.0" encoding="UTF-8"?>
<!-- Generated by org.testng.reporters.JUnitReportReporter -->
<testsuite hostname="DESKTOP-HJ68RE7" failures="0" tests="2" name="testng_programs.AnnotationsDemo2" time="0.013" errors="0" timestamp="2025-04-07T15:15:12 IST" skipped="0">
  <testcase classname="testng_programs.AnnotationsDemo2" name="search" time="0.009"/>
  <testcase classname="testng_programs.AnnotationsDemo2" name="advSearch" time="0.004"/>
</testsuite> <!-- testng_programs.AnnotationsDemo2 -->
