<?xml version="1.0" encoding="UTF-8"?>
<!-- Generated by org.testng.reporters.JUnitReportReporter -->
<testsuite hostname="DESKTOP-HJ68RE7" failures="0" tests="9" name="testng_programs.ParallelTestingDemo" time="0.740" errors="0" timestamp="2025-04-08T18:39:24 IST" skipped="0">
  <testcase classname="testng_programs.ParallelTestingDemo" name="testlogo" time="0.090"/>
  <testcase classname="testng_programs.ParallelTestingDemo" name="testlogo" time="0.227"/>
  <testcase classname="testng_programs.ParallelTestingDemo" name="testlogo" time="0.244"/>
  <testcase classname="testng_programs.ParallelTestingDemo" name="testTitle" time="0.045"/>
  <testcase classname="testng_programs.ParallelTestingDemo" name="testTitle" time="0.012"/>
  <testcase classname="testng_programs.ParallelTestingDemo" name="testTitle" time="0.035"/>
  <testcase classname="testng_programs.ParallelTestingDemo" name="testurl" time="0.047"/>
  <testcase classname="testng_programs.ParallelTestingDemo" name="testurl" time="0.033"/>
  <testcase classname="testng_programs.ParallelTestingDemo" name="testurl" time="0.007"/>
</testsuite> <!-- testng_programs.ParallelTestingDemo -->
