<?xml version="1.0" encoding="UTF-8"?>
<!-- Generated by org.testng.reporters.JUnitReportReporter -->
<testsuite hostname="DESKTOP-HJ68RE7" failures="0" tests="2" name="testng_programs.AnnotationsDemo" time="0.029" errors="0" timestamp="2025-04-07T14:53:56 IST" skipped="0">
  <testcase classname="testng_programs.AnnotationsDemo" name="search" time="0.014"/>
  <testcase classname="testng_programs.AnnotationsDemo" name="advSearch" time="0.015"/>
</testsuite> <!-- testng_programs.AnnotationsDemo -->
