<?xml version="1.0" encoding="UTF-8"?>
<!-- Generated by org.testng.reporters.JUnitReportReporter -->
<testsuite hostname="DESKTOP-HJ68RE7" failures="0" tests="4" name="testng_programs.OrangeHRM" time="20.272" errors="0" timestamp="2025-04-07T14:05:50 IST" skipped="0">
  <testcase classname="testng_programs.OrangeHRM" name="openApp" time="14.594"/>
  <testcase classname="testng_programs.OrangeHRM" name="testLogo" time="5.115"/>
  <testcase classname="testng_programs.OrangeHRM" name="login" time="0.380"/>
  <testcase classname="testng_programs.OrangeHRM" name="closeApp" time="0.183"/>
</testsuite> <!-- testng_programs.OrangeHRM -->
