<?xml version="1.0" encoding="UTF-8"?>
<!-- Generated by org.testng.reporters.JUnitReportReporter -->
<testsuite hostname="DESKTOP-HJ68RE7" failures="0" tests="3" name="testng_programs.PaymentTests" time="0.005" errors="0" timestamp="2025-04-23T13:51:50 IST" skipped="0">
  <testcase classname="testng_programs.PaymentTests" name="payByCard" time="0.002"/>
  <testcase classname="testng_programs.PaymentTests" name="payByCOD" time="0.002"/>
  <testcase classname="testng_programs.PaymentTests" name="payByUPI" time="0.001"/>
</testsuite> <!-- testng_programs.PaymentTests -->
