<?xml version="1.0" encoding="UTF-8"?>
<!-- Generated by org.testng.reporters.JUnitReportReporter -->
<testsuite hostname="DESKTOP-HJ68RE7" failures="0" tests="3" name="testng_programs.SignupTests" time="0.003" errors="0" timestamp="2025-04-23T13:51:50 IST" skipped="0">
  <testcase classname="testng_programs.SignupTests" name="signUpByEmail" time="0.001"/>
  <testcase classname="testng_programs.SignupTests" name="signUpByOTP" time="0.001"/>
  <testcase classname="testng_programs.SignupTests" name="signUpByFacebook" time="0.001"/>
</testsuite> <!-- testng_programs.SignupTests -->
